0 info it worked if it ends with ok
1 verbose cli [ '/usr/local/bin/node',
1 verbose cli   '/usr/local/bin/npm',
1 verbose cli   'run',
1 verbose cli   'watch:sass' ]
2 info using npm@3.10.10
3 info using node@v6.11.2
4 verbose run-script [ 'prewatch:sass', 'watch:sass', 'postwatch:sass' ]
5 info lifecycle vr-blog@1.0.0~prewatch:sass: vr-blog@1.0.0
6 silly lifecycle vr-blog@1.0.0~prewatch:sass: no script for prewatch:sass, continuing
7 info lifecycle vr-blog@1.0.0~watch:sass: vr-blog@1.0.0
8 verbose lifecycle vr-blog@1.0.0~watch:sass: unsafe-perm in lifecycle true
9 verbose lifecycle vr-blog@1.0.0~watch:sass: PATH: /usr/local/lib/node_modules/npm/bin/node-gyp-bin:/Users/KietN/Desktop/Virtual-Reality-Blog/node_modules/.bin:/usr/local/bin:/usr/bin:/bin:/usr/sbin:/sbin
10 verbose lifecycle vr-blog@1.0.0~watch:sass: CWD: /Users/KietN/Desktop/Virtual-Reality-Blog
11 silly lifecycle vr-blog@1.0.0~watch:sass: Args: [ '-c', 'node-sass sass/style.scss css/style.css -w' ]
12 silly lifecycle vr-blog@1.0.0~watch:sass: Returned: code: 1  signal: null
13 info lifecycle vr-blog@1.0.0~watch:sass: Failed to exec watch:sass script
14 verbose stack Error: vr-blog@1.0.0 watch:sass: `node-sass sass/style.scss css/style.css -w`
14 verbose stack Exit status 1
14 verbose stack     at EventEmitter.<anonymous> (/usr/local/lib/node_modules/npm/lib/utils/lifecycle.js:255:16)
14 verbose stack     at emitTwo (events.js:106:13)
14 verbose stack     at EventEmitter.emit (events.js:191:7)
14 verbose stack     at ChildProcess.<anonymous> (/usr/local/lib/node_modules/npm/lib/utils/spawn.js:40:14)
14 verbose stack     at emitTwo (events.js:106:13)
14 verbose stack     at ChildProcess.emit (events.js:191:7)
14 verbose stack     at maybeClose (internal/child_process.js:891:16)
14 verbose stack     at Process.ChildProcess._handle.onexit (internal/child_process.js:226:5)
15 verbose pkgid vr-blog@1.0.0
16 verbose cwd /Users/KietN/Desktop/Virtual-Reality-Blog
17 error Darwin 16.7.0
18 error argv "/usr/local/bin/node" "/usr/local/bin/npm" "run" "watch:sass"
19 error node v6.11.2
20 error npm  v3.10.10
21 error code ELIFECYCLE
22 error vr-blog@1.0.0 watch:sass: `node-sass sass/style.scss css/style.css -w`
22 error Exit status 1
23 error Failed at the vr-blog@1.0.0 watch:sass script 'node-sass sass/style.scss css/style.css -w'.
23 error Make sure you have the latest version of node.js and npm installed.
23 error If you do, this is most likely a problem with the vr-blog package,
23 error not with npm itself.
23 error Tell the author that this fails on your system:
23 error     node-sass sass/style.scss css/style.css -w
23 error You can get information on how to open an issue for this project with:
23 error     npm bugs vr-blog
23 error Or if that isn't available, you can get their info via:
23 error     npm owner ls vr-blog
23 error There is likely additional logging output above.
24 verbose exit [ 1, true ]
